<component name="libraryTable">
  <library name="junit-4.12">
    <CLASSES>
      <root url="jar://$PROJECT_DIR$/../../../SCHOOL/WINTER2021/CSE12/PA7/cse12-wi21-pa7-BST-starter-main/pa7-starter/lib/junit-4.12.jar!/" />
    </CLASSES>
    <JAVADOC />
    <SOURCES />
  </library>
</component>